<?xml version="1.0" encoding="UTF-8"?>
<!-- Generated by org.testng.reporters.JUnitReportReporter -->
<testsuite hostname="DESKTOP-3268FUS" failures="0" tests="4" name="testLayer.SigninTest" time="69.856" errors="0" timestamp="2023-06-13T17:11:36 EDT" skipped="0">
  <testcase classname="testLayer.SigninTest" name="Title" time="12.848"/>
  <system-out/>
  <testcase classname="testLayer.SigninTest" name="Signin" time="19.301"/>
  <system-out/>
  <testcase classname="testLayer.SigninTest" name="Signin" time="19.992"/>
  <system-out/>
  <testcase classname="testLayer.SigninTest" name="Signin" time="17.715"/>
  <system-out/>
</testsuite> <!-- testLayer.SigninTest -->
